<?xml version="1.0" encoding="UTF-8"?>
<!-- Generated by org.testng.reporters.JUnitReportReporter -->
<testsuite hostname="LAPTOP-IF77QD87" failures="0" tests="1" name="AppiumPackage.EcommerceApp3" time="18.794" errors="0" timestamp="19 Dec 2023 16:30:16 GMT" skipped="0">
  <testcase classname="AppiumPackage.EcommerceApp3" name="fillForm" time="18.794"/>
</testsuite> <!-- AppiumPackage.EcommerceApp3 -->
