<?xml version="1.0" encoding="UTF-8"?>
<!-- Generated by org.testng.reporters.JUnitReportReporter -->
<testsuite hostname="LAPTOP-IF77QD87" failures="0" tests="1" name="AppiumPackage.Scrolling" time="2.185" errors="0" timestamp="17 Dec 2023 10:05:53 GMT" skipped="0">
  <testcase classname="AppiumPackage.Scrolling" name="scrollingFunctionality" time="2.185"/>
</testsuite> <!-- AppiumPackage.Scrolling -->
