<?xml version="1.0" encoding="UTF-8"?>
<!-- Generated by org.testng.reporters.JUnitReportReporter -->
<testsuite hostname="LAPTOP-IF77QD87" failures="0" tests="1" name="AppiumPackage.EcommerceHybridAppTest" time="15.224" errors="0" timestamp="23 Dec 2023 12:41:00 GMT" skipped="0">
  <testcase classname="AppiumPackage.EcommerceHybridAppTest" name="fillForm" time="15.224"/>
</testsuite> <!-- AppiumPackage.EcommerceHybridAppTest -->
