<?xml version="1.0" encoding="UTF-8"?>
<!-- Generated by org.testng.reporters.JUnitReportReporter -->
<testsuite hostname="LAPTOP-IF77QD87" failures="0" tests="1" name="AppiumPackage.LoginPageImplementation" time="16.463" errors="0" timestamp="23 Dec 2023 18:40:43 GMT" skipped="0">
  <testcase classname="AppiumPackage.LoginPageImplementation" name="fillForm" time="16.463"/>
</testsuite> <!-- AppiumPackage.LoginPageImplementation -->
