<?xml version="1.0" encoding="UTF-8"?>
<!-- Generated by org.testng.reporters.JUnitReportReporter -->
<testsuite hostname="LAPTOP-IF77QD87" failures="0" tests="1" name="AppiumPackage.EcommerceApp" time="20.346" errors="0" timestamp="17 Dec 2023 16:39:21 GMT" skipped="0">
  <testcase classname="AppiumPackage.EcommerceApp" name="fillForm" time="20.346"/>
</testsuite> <!-- AppiumPackage.EcommerceApp -->
