<?xml version="1.0" encoding="UTF-8"?>
<!-- Generated by org.testng.reporters.JUnitReportReporter -->
<testsuite hostname="LAPTOP-IF77QD87" failures="0" tests="2" name="AppiumPackage.AddToCartImplementation" time="26.217" errors="0" timestamp="23 Dec 2023 18:48:26 GMT" skipped="0">
  <testcase classname="AppiumPackage.AddToCartImplementation" name="fillForm" time="16.790"/>
  <testcase classname="AppiumPackage.AddToCartImplementation" name="fillForm1" time="9.427"/>
</testsuite> <!-- AppiumPackage.AddToCartImplementation -->
