<?xml version="1.0" encoding="UTF-8"?>
<!-- Generated by org.testng.reporters.JUnitReportReporter -->
<testsuite hostname="LAPTOP-IF77QD87" failures="0" tests="1" name="AppiumPackage.LongPressFunctionality" time="8.363" errors="0" timestamp="15 Dec 2023 17:20:10 GMT" skipped="0">
  <testcase classname="AppiumPackage.LongPressFunctionality" name="longPress1" time="8.363"/>
</testsuite> <!-- AppiumPackage.LongPressFunctionality -->
