<?xml version="1.0" encoding="UTF-8"?>
<!-- Generated by org.testng.reporters.JUnitReportReporter -->
<testsuite hostname="LAPTOP-IF77QD87" failures="0" tests="1" name="AppiumPackage.AppiumBasicCode" time="1.437" errors="0" timestamp="15 Dec 2023 16:36:09 GMT" skipped="0">
  <testcase classname="AppiumPackage.AppiumBasicCode" name="AppiumCode" time="1.437"/>
</testsuite> <!-- AppiumPackage.AppiumBasicCode -->
